Build started 4/17/2015 11:31:55 PM.
     1>Project "C:\Users\wmh\Desktop\Train2014\TrainFiles\Train.vcxproj" on node 2 (Build target(s)).
     1>ClCompile:
         C:\Program Files (x86)\Microsoft Visual Studio 12.0\VC\bin\CL.exe /c /I"C:\Program Files (x86)\FLTK 1.3.2\include" /I.. /Zi /nologo /W3 /WX- /O2 /Oy- /GL /D WIN32 /D NDEBUG /D _CONSOLE /D _CRT_SECURE_NO_WARNINGS /D _UNICODE /D UNICODE /Gm- /EHsc /MD /GS /fp:precise /Zc:wchar_t /Zc:forScope /Fo"Release\\" /Fd"Release\vc120.pdb" /Gd /TP /analyze- /errorReport:prompt ..\Utilities\Pnt3f.cpp CallBacks.cpp ControlPoint.cpp Train.cpp TrainView.cpp TrainWindow.cpp World.cpp
         Pnt3f.cpp
         CallBacks.cpp
         ControlPoint.cpp
         Train.cpp
         TrainView.cpp
     1>TrainView.cpp(324): warning C4244: 'argument' : conversion from 'const double' to 'const float', possible loss of data
     1>TrainView.cpp(325): warning C4244: 'argument' : conversion from 'const double' to 'const float', possible loss of data
     1>TrainView.cpp(350): warning C4305: 'argument' : truncation from 'double' to 'GLfloat'
     1>TrainView.cpp(406): warning C4305: 'argument' : truncation from 'double' to 'GLfloat'
     1>TrainView.cpp(412): warning C4305: 'argument' : truncation from 'double' to 'GLfloat'
     1>TrainView.cpp(580): warning C4305: 'argument' : truncation from 'double' to 'GLfloat'
     1>TrainView.cpp(585): warning C4305: 'argument' : truncation from 'double' to 'GLfloat'
     1>TrainView.cpp(591): warning C4305: 'argument' : truncation from 'double' to 'GLfloat'
     1>TrainView.cpp(598): warning C4305: 'argument' : truncation from 'double' to 'GLfloat'
     1>TrainView.cpp(652): warning C4305: 'argument' : truncation from 'double' to 'GLfloat'
     1>TrainView.cpp(660): warning C4305: 'argument' : truncation from 'double' to 'GLfloat'
     1>TrainView.cpp(668): warning C4305: 'argument' : truncation from 'double' to 'GLfloat'
     1>TrainView.cpp(675): warning C4305: 'argument' : truncation from 'double' to 'GLfloat'
         TrainWindow.cpp
     1>TrainWindow.cpp(214): warning C4244: '=' : conversion from 'double' to 'float', possible loss of data
     1>TrainWindow.cpp(216): warning C4244: '=' : conversion from 'double' to 'float', possible loss of data
     1>TrainWindow.cpp(225): warning C4244: '=' : conversion from 'double' to 'float', possible loss of data
     1>TrainWindow.cpp(228): warning C4244: '+=' : conversion from 'double' to 'float', possible loss of data
         World.cpp
     1>World.cpp(145): warning C4244: 'argument' : conversion from 'double' to 'const float', possible loss of data
     1>World.cpp(147): warning C4244: 'argument' : conversion from 'double' to 'const float', possible loss of data
     1>World.cpp(148): warning C4244: 'argument' : conversion from 'double' to 'const float', possible loss of data
     1>World.cpp(149): warning C4244: 'argument' : conversion from 'double' to 'const float', possible loss of data
     1>World.cpp(150): warning C4244: 'argument' : conversion from 'double' to 'const float', possible loss of data
     1>World.cpp(152): warning C4244: 'argument' : conversion from 'double' to 'const float', possible loss of data
     1>World.cpp(153): warning C4244: 'argument' : conversion from 'double' to 'const float', possible loss of data
     1>World.cpp(163): warning C4244: 'argument' : conversion from 'double' to 'const float', possible loss of data
     1>World.cpp(164): warning C4244: 'argument' : conversion from 'double' to 'const float', possible loss of data
     1>World.cpp(165): warning C4244: 'argument' : conversion from 'double' to 'const float', possible loss of data
     1>World.cpp(166): warning C4244: 'argument' : conversion from 'double' to 'const float', possible loss of data
     1>World.cpp(168): warning C4244: 'argument' : conversion from 'double' to 'const float', possible loss of data
     1>World.cpp(169): warning C4244: 'argument' : conversion from 'double' to 'const float', possible loss of data
     1>World.cpp(181): warning C4244: 'argument' : conversion from 'double' to 'const float', possible loss of data
     1>World.cpp(182): warning C4244: 'argument' : conversion from 'double' to 'const float', possible loss of data
     1>World.cpp(183): warning C4244: 'argument' : conversion from 'double' to 'const float', possible loss of data
     1>World.cpp(184): warning C4244: 'argument' : conversion from 'double' to 'const float', possible loss of data
     1>World.cpp(187): warning C4244: 'argument' : conversion from 'double' to 'const float', possible loss of data
     1>World.cpp(188): warning C4244: 'argument' : conversion from 'double' to 'const float', possible loss of data
     1>World.cpp(239): warning C4244: 'argument' : conversion from 'double' to 'const float', possible loss of data
     1>World.cpp(240): warning C4244: 'argument' : conversion from 'double' to 'const float', possible loss of data
       Link:
         C:\Program Files (x86)\Microsoft Visual Studio 12.0\VC\bin\link.exe /ERRORREPORT:PROMPT /OUT:"C:\Users\wmh\Desktop\Train2014\TrainFiles\Release\Train.exe" /INCREMENTAL:NO /NOLOGO /LIBPATH:"C:\Program Files (x86)\FLTK 1.3.2\lib" comctl32.lib wsock32.lib opengl32.lib glu32.lib fltkgl.lib fltk.lib kernel32.lib user32.lib gdi32.lib winspool.lib comdlg32.lib advapi32.lib shell32.lib ole32.lib oleaut32.lib uuid.lib odbc32.lib odbccp32.lib /MANIFEST /MANIFESTUAC:"level='asInvoker' uiAccess='false'" /manifest:embed /DEBUG /PDB:"C:\Users\wmh\Desktop\Train2014\TrainFiles\Release\Train.pdb" /SUBSYSTEM:CONSOLE /OPT:REF /OPT:ICF /LTCG /TLBID:1 /DYNAMICBASE:NO /IMPLIB:"C:\Users\wmh\Desktop\Train2014\TrainFiles\Release\Train.lib" /MACHINE:X86 /SAFESEH Release\CallBacks.obj
         Release\ControlPoint.obj
         Release\Train.obj
         Release\TrainView.obj
         Release\TrainWindow.obj
         Release\World.obj
         Release\3DUtils.obj
         Release\ArcBallCam.obj
         Release\Pnt3f.obj
         Generating code
         Finished generating code
     1>fltkgl.lib(Fl_Gl_Choice.obj) : warning LNK4204: 'C:\Users\wmh\Desktop\Train2014\TrainFiles\Release\vc120.pdb' is missing debugging information for referencing module; linking object as if no debug info
     1>fltkgl.lib(Fl_Gl_Device_Plugin.obj) : warning LNK4204: 'C:\Users\wmh\Desktop\Train2014\TrainFiles\Release\vc120.pdb' is missing debugging information for referencing module; linking object as if no debug info
     1>fltkgl.lib(Fl_Gl_Window.obj) : warning LNK4204: 'C:\Users\wmh\Desktop\Train2014\TrainFiles\Release\vc120.pdb' is missing debugging information for referencing module; linking object as if no debug info
     1>fltkgl.lib(freeglut_geometry.obj) : warning LNK4204: 'C:\Users\wmh\Desktop\Train2014\TrainFiles\Release\vc120.pdb' is missing debugging information for referencing module; linking object as if no debug info
     1>fltkgl.lib(gl_draw.obj) : warning LNK4204: 'C:\Users\wmh\Desktop\Train2014\TrainFiles\Release\vc120.pdb' is missing debugging information for referencing module; linking object as if no debug info
     1>fltk.lib(case.obj) : warning LNK4204: 'C:\Users\wmh\Desktop\Train2014\TrainFiles\Release\vc120.pdb' is missing debugging information for referencing module; linking object as if no debug info
     1>fltk.lib(filename_absolute.obj) : warning LNK4204: 'C:\Users\wmh\Desktop\Train2014\TrainFiles\Release\vc120.pdb' is missing debugging information for referencing module; linking object as if no debug info
     1>fltk.lib(filename_expand.obj) : warning LNK4204: 'C:\Users\wmh\Desktop\Train2014\TrainFiles\Release\vc120.pdb' is missing debugging information for referencing module; linking object as if no debug info
     1>fltk.lib(filename_isdir.obj) : warning LNK4204: 'C:\Users\wmh\Desktop\Train2014\TrainFiles\Release\vc120.pdb' is missing debugging information for referencing module; linking object as if no debug info
     1>fltk.lib(filename_list.obj) : warning LNK4204: 'C:\Users\wmh\Desktop\Train2014\TrainFiles\Release\vc120.pdb' is missing debugging information for referencing module; linking object as if no debug info
     1>fltk.lib(filename_match.obj) : warning LNK4204: 'C:\Users\wmh\Desktop\Train2014\TrainFiles\Release\vc120.pdb' is missing debugging information for referencing module; linking object as if no debug info
     1>fltk.lib(Fl.obj) : warning LNK4204: 'C:\Users\wmh\Desktop\Train2014\TrainFiles\Release\vc120.pdb' is missing debugging information for referencing module; linking object as if no debug info
     1>fltk.lib(Fl_abort.obj) : warning LNK4204: 'C:\Users\wmh\Desktop\Train2014\TrainFiles\Release\vc120.pdb' is missing debugging information for referencing module; linking object as if no debug info
     1>fltk.lib(Fl_add_idle.obj) : warning LNK4204: 'C:\Users\wmh\Desktop\Train2014\TrainFiles\Release\vc120.pdb' is missing debugging information for referencing module; linking object as if no debug info
     1>fltk.lib(fl_arc.obj) : warning LNK4204: 'C:\Users\wmh\Desktop\Train2014\TrainFiles\Release\vc120.pdb' is missing debugging information for referencing module; linking object as if no debug info
     1>fltk.lib(fl_arci.obj) : warning LNK4204: 'C:\Users\wmh\Desktop\Train2014\TrainFiles\Release\vc120.pdb' is missing debugging information for referencing module; linking object as if no debug info
     1>fltk.lib(fl_ask.obj) : warning LNK4204: 'C:\Users\wmh\Desktop\Train2014\TrainFiles\Release\vc120.pdb' is missing debugging information for referencing module; linking object as if no debug info
     1>fltk.lib(Fl_Bitmap.obj) : warning LNK4204: 'C:\Users\wmh\Desktop\Train2014\TrainFiles\Release\vc120.pdb' is missing debugging information for referencing module; linking object as if no debug info
     1>fltk.lib(Fl_Box.obj) : warning LNK4204: 'C:\Users\wmh\Desktop\Train2014\TrainFiles\Release\vc120.pdb' is missing debugging information for referencing module; linking object as if no debug info
     1>fltk.lib(fl_boxtype.obj) : warning LNK4204: 'C:\Users\wmh\Desktop\Train2014\TrainFiles\Release\vc120.pdb' is missing debugging information for referencing module; linking object as if no debug info
     1>fltk.lib(Fl_Browser.obj) : warning LNK4204: 'C:\Users\wmh\Desktop\Train2014\TrainFiles\Release\vc120.pdb' is missing debugging information for referencing module; linking object as if no debug info
     1>fltk.lib(Fl_Browser_.obj) : warning LNK4204: 'C:\Users\wmh\Desktop\Train2014\TrainFiles\Release\vc120.pdb' is missing debugging information for referencing module; linking object as if no debug info
     1>fltk.lib(Fl_Button.obj) : warning LNK4204: 'C:\Users\wmh\Desktop\Train2014\TrainFiles\Release\vc120.pdb' is missing debugging information for referencing module; linking object as if no debug info
     1>fltk.lib(Fl_Check_Button.obj) : warning LNK4204: 'C:\Users\wmh\Desktop\Train2014\TrainFiles\Release\vc120.pdb' is missing debugging information for referencing module; linking object as if no debug info
     1>fltk.lib(Fl_Choice.obj) : warning LNK4204: 'C:\Users\wmh\Desktop\Train2014\TrainFiles\Release\vc120.pdb' is missing debugging information for referencing module; linking object as if no debug info
     1>fltk.lib(fl_color.obj) : warning LNK4204: 'C:\Users\wmh\Desktop\Train2014\TrainFiles\Release\vc120.pdb' is missing debugging information for referencing module; linking object as if no debug info
     1>fltk.lib(Fl_compose.obj) : warning LNK4204: 'C:\Users\wmh\Desktop\Train2014\TrainFiles\Release\vc120.pdb' is missing debugging information for referencing module; linking object as if no debug info
     1>fltk.lib(fl_cursor.obj) : warning LNK4204: 'C:\Users\wmh\Desktop\Train2014\TrainFiles\Release\vc120.pdb' is missing debugging information for referencing module; linking object as if no debug info
     1>fltk.lib(fl_curve.obj) : warning LNK4204: 'C:\Users\wmh\Desktop\Train2014\TrainFiles\Release\vc120.pdb' is missing debugging information for referencing module; linking object as if no debug info
     1>fltk.lib(Fl_Device.obj) : warning LNK4204: 'C:\Users\wmh\Desktop\Train2014\TrainFiles\Release\vc120.pdb' is missing debugging information for referencing module; linking object as if no debug info
     1>fltk.lib(fl_dnd.obj) : warning LNK4204: 'C:\Users\wmh\Desktop\Train2014\TrainFiles\Release\vc120.pdb' is missing debugging information for referencing module; linking object as if no debug info
     1>fltk.lib(Fl_Double_Window.obj) : warning LNK4204: 'C:\Users\wmh\Desktop\Train2014\TrainFiles\Release\vc120.pdb' is missing debugging information for referencing module; linking object as if no debug info
     1>fltk.lib(fl_draw.obj) : warning LNK4204: 'C:\Users\wmh\Desktop\Train2014\TrainFiles\Release\vc120.pdb' is missing debugging information for referencing module; linking object as if no debug info
     1>fltk.lib(fl_draw_image.obj) : warning LNK4204: 'C:\Users\wmh\Desktop\Train2014\TrainFiles\Release\vc120.pdb' is missing debugging information for referencing module; linking object as if no debug info
     1>fltk.lib(fl_draw_pixmap.obj) : warning LNK4204: 'C:\Users\wmh\Desktop\Train2014\TrainFiles\Release\vc120.pdb' is missing debugging information for referencing module; linking object as if no debug info
     1>fltk.lib(Fl_File_Browser.obj) : warning LNK4204: 'C:\Users\wmh\Desktop\Train2014\TrainFiles\Release\vc120.pdb' is missing debugging information for referencing module; linking object as if no debug info
     1>fltk.lib(Fl_File_Chooser.obj) : warning LNK4204: 'C:\Users\wmh\Desktop\Train2014\TrainFiles\Release\vc120.pdb' is missing debugging information for referencing module; linking object as if no debug info
     1>fltk.lib(Fl_File_Chooser2.obj) : warning LNK4204: 'C:\Users\wmh\Desktop\Train2014\TrainFiles\Release\vc120.pdb' is missing debugging information for referencing module; linking object as if no debug info
     1>fltk.lib(fl_file_dir.obj) : warning LNK4204: 'C:\Users\wmh\Desktop\Train2014\TrainFiles\Release\vc120.pdb' is missing debugging information for referencing module; linking object as if no debug info
     1>fltk.lib(Fl_File_Icon.obj) : warning LNK4204: 'C:\Users\wmh\Desktop\Train2014\TrainFiles\Release\vc120.pdb' is missing debugging information for referencing module; linking object as if no debug info
     1>fltk.lib(Fl_File_Input.obj) : warning LNK4204: 'C:\Users\wmh\Desktop\Train2014\TrainFiles\Release\vc120.pdb' is missing debugging information for referencing module; linking object as if no debug info
     1>fltk.lib(fl_font.obj) : warning LNK4204: 'C:\Users\wmh\Desktop\Train2014\TrainFiles\Release\vc120.pdb' is missing debugging information for referencing module; linking object as if no debug info
     1>fltk.lib(Fl_get_system_colors.obj) : warning LNK4204: 'C:\Users\wmh\Desktop\Train2014\TrainFiles\Release\vc120.pdb' is missing debugging information for referencing module; linking object as if no debug info
     1>fltk.lib(Fl_grab.obj) : warning LNK4204: 'C:\Users\wmh\Desktop\Train2014\TrainFiles\Release\vc120.pdb' is missing debugging information for referencing module; linking object as if no debug info
     1>fltk.lib(Fl_Group.obj) : warning LNK4204: 'C:\Users\wmh\Desktop\Train2014\TrainFiles\Release\vc120.pdb' is missing debugging information for referencing module; linking object as if no debug info
     1>fltk.lib(fl_gtk.obj) : warning LNK4204: 'C:\Users\wmh\Desktop\Train2014\TrainFiles\Release\vc120.pdb' is missing debugging information for referencing module; linking object as if no debug info
     1>fltk.lib(Fl_Image.obj) : warning LNK4204: 'C:\Users\wmh\Desktop\Train2014\TrainFiles\Release\vc120.pdb' is missing debugging information for referencing module; linking object as if no debug info
     1>fltk.lib(Fl_Input.obj) : warning LNK4204: 'C:\Users\wmh\Desktop\Train2014\TrainFiles\Release\vc120.pdb' is missing debugging information for referencing module; linking object as if no debug info
     1>fltk.lib(Fl_Input_.obj) : warning LNK4204: 'C:\Users\wmh\Desktop\Train2014\TrainFiles\Release\vc120.pdb' is missing debugging information for referencing module; linking object as if no debug info
     1>fltk.lib(fl_labeltype.obj) : warning LNK4204: 'C:\Users\wmh\Desktop\Train2014\TrainFiles\Release\vc120.pdb' is missing debugging information for referencing module; linking object as if no debug info
     1>fltk.lib(Fl_Light_Button.obj) : warning LNK4204: 'C:\Users\wmh\Desktop\Train2014\TrainFiles\Release\vc120.pdb' is missing debugging information for referencing module; linking object as if no debug info
     1>fltk.lib(fl_line_style.obj) : warning LNK4204: 'C:\Users\wmh\Desktop\Train2014\TrainFiles\Release\vc120.pdb' is missing debugging information for referencing module; linking object as if no debug info
     1>fltk.lib(Fl_lock.obj) : warning LNK4204: 'C:\Users\wmh\Desktop\Train2014\TrainFiles\Release\vc120.pdb' is missing debugging information for referencing module; linking object as if no debug info
     1>fltk.lib(Fl_Menu.obj) : warning LNK4204: 'C:\Users\wmh\Desktop\Train2014\TrainFiles\Release\vc120.pdb' is missing debugging information for referencing module; linking object as if no debug info
     1>fltk.lib(Fl_Menu_.obj) : warning LNK4204: 'C:\Users\wmh\Desktop\Train2014\TrainFiles\Release\vc120.pdb' is missing debugging information for referencing module; linking object as if no debug info
     1>fltk.lib(Fl_Menu_add.obj) : warning LNK4204: 'C:\Users\wmh\Desktop\Train2014\TrainFiles\Release\vc120.pdb' is missing debugging information for referencing module; linking object as if no debug info
     1>fltk.lib(Fl_Menu_Button.obj) : warning LNK4204: 'C:\Users\wmh\Desktop\Train2014\TrainFiles\Release\vc120.pdb' is missing debugging information for referencing module; linking object as if no debug info
     1>fltk.lib(Fl_Menu_Window.obj) : warning LNK4204: 'C:\Users\wmh\Desktop\Train2014\TrainFiles\Release\vc120.pdb' is missing debugging information for referencing module; linking object as if no debug info
     1>fltk.lib(Fl_Overlay_Window.obj) : warning LNK4204: 'C:\Users\wmh\Desktop\Train2014\TrainFiles\Release\vc120.pdb' is missing debugging information for referencing module; linking object as if no debug info
     1>fltk.lib(Fl_Pixmap.obj) : warning LNK4204: 'C:\Users\wmh\Desktop\Train2014\TrainFiles\Release\vc120.pdb' is missing debugging information for referencing module; linking object as if no debug info
     1>fltk.lib(fl_plastic.obj) : warning LNK4204: 'C:\Users\wmh\Desktop\Train2014\TrainFiles\Release\vc120.pdb' is missing debugging information for referencing module; linking object as if no debug info
     1>fltk.lib(Fl_Preferences.obj) : warning LNK4204: 'C:\Users\wmh\Desktop\Train2014\TrainFiles\Release\vc120.pdb' is missing debugging information for referencing module; linking object as if no debug info
     1>fltk.lib(fl_read_image.obj) : warning LNK4204: 'C:\Users\wmh\Desktop\Train2014\TrainFiles\Release\vc120.pdb' is missing debugging information for referencing module; linking object as if no debug info
     1>fltk.lib(fl_rect.obj) : warning LNK4204: 'C:\Users\wmh\Desktop\Train2014\TrainFiles\Release\vc120.pdb' is missing debugging information for referencing module; linking object as if no debug info
     1>fltk.lib(Fl_Repeat_Button.obj) : warning LNK4204: 'C:\Users\wmh\Desktop\Train2014\TrainFiles\Release\vc120.pdb' is missing debugging information for referencing module; linking object as if no debug info
     1>fltk.lib(Fl_Return_Button.obj) : warning LNK4204: 'C:\Users\wmh\Desktop\Train2014\TrainFiles\Release\vc120.pdb' is missing debugging information for referencing module; linking object as if no debug info
     1>fltk.lib(fl_round_box.obj) : warning LNK4204: 'C:\Users\wmh\Desktop\Train2014\TrainFiles\Release\vc120.pdb' is missing debugging information for referencing module; linking object as if no debug info
     1>fltk.lib(Fl_Scrollbar.obj) : warning LNK4204: 'C:\Users\wmh\Desktop\Train2014\TrainFiles\Release\vc120.pdb' is missing debugging information for referencing module; linking object as if no debug info
     1>fltk.lib(Fl_Shared_Image.obj) : warning LNK4204: 'C:\Users\wmh\Desktop\Train2014\TrainFiles\Release\vc120.pdb' is missing debugging information for referencing module; linking object as if no debug info
     1>fltk.lib(fl_shortcut.obj) : warning LNK4204: 'C:\Users\wmh\Desktop\Train2014\TrainFiles\Release\vc120.pdb' is missing debugging information for referencing module; linking object as if no debug info
     1>fltk.lib(Fl_Single_Window.obj) : warning LNK4204: 'C:\Users\wmh\Desktop\Train2014\TrainFiles\Release\vc120.pdb' is missing debugging information for referencing module; linking object as if no debug info
     1>fltk.lib(Fl_Slider.obj) : warning LNK4204: 'C:\Users\wmh\Desktop\Train2014\TrainFiles\Release\vc120.pdb' is missing debugging information for referencing module; linking object as if no debug info
     1>fltk.lib(fl_symbols.obj) : warning LNK4204: 'C:\Users\wmh\Desktop\Train2014\TrainFiles\Release\vc120.pdb' is missing debugging information for referencing module; linking object as if no debug info
     1>fltk.lib(Fl_Tile.obj) : warning LNK4204: 'C:\Users\wmh\Desktop\Train2014\TrainFiles\Release\vc120.pdb' is missing debugging information for referencing module; linking object as if no debug info
     1>fltk.lib(Fl_Tiled_Image.obj) : warning LNK4204: 'C:\Users\wmh\Desktop\Train2014\TrainFiles\Release\vc120.pdb' is missing debugging information for referencing module; linking object as if no debug info
     1>fltk.lib(Fl_Tooltip.obj) : warning LNK4204: 'C:\Users\wmh\Desktop\Train2014\TrainFiles\Release\vc120.pdb' is missing debugging information for referencing module; linking object as if no debug info
     1>fltk.lib(fl_utf.obj) : warning LNK4204: 'C:\Users\wmh\Desktop\Train2014\TrainFiles\Release\vc120.pdb' is missing debugging information for referencing module; linking object as if no debug info
     1>fltk.lib(fl_utf8.obj) : warning LNK4204: 'C:\Users\wmh\Desktop\Train2014\TrainFiles\Release\vc120.pdb' is missing debugging information for referencing module; linking object as if no debug info
     1>fltk.lib(Fl_Valuator.obj) : warning LNK4204: 'C:\Users\wmh\Desktop\Train2014\TrainFiles\Release\vc120.pdb' is missing debugging information for referencing module; linking object as if no debug info
     1>fltk.lib(Fl_Value_Slider.obj) : warning LNK4204: 'C:\Users\wmh\Desktop\Train2014\TrainFiles\Release\vc120.pdb' is missing debugging information for referencing module; linking object as if no debug info
     1>fltk.lib(fl_vertex.obj) : warning LNK4204: 'C:\Users\wmh\Desktop\Train2014\TrainFiles\Release\vc120.pdb' is missing debugging information for referencing module; linking object as if no debug info
     1>fltk.lib(Fl_Widget.obj) : warning LNK4204: 'C:\Users\wmh\Desktop\Train2014\TrainFiles\Release\vc120.pdb' is missing debugging information for referencing module; linking object as if no debug info
     1>fltk.lib(Fl_Window.obj) : warning LNK4204: 'C:\Users\wmh\Desktop\Train2014\TrainFiles\Release\vc120.pdb' is missing debugging information for referencing module; linking object as if no debug info
     1>fltk.lib(Fl_Window_hotspot.obj) : warning LNK4204: 'C:\Users\wmh\Desktop\Train2014\TrainFiles\Release\vc120.pdb' is missing debugging information for referencing module; linking object as if no debug info
     1>fltk.lib(Fl_XBM_Image.obj) : warning LNK4204: 'C:\Users\wmh\Desktop\Train2014\TrainFiles\Release\vc120.pdb' is missing debugging information for referencing module; linking object as if no debug info
     1>fltk.lib(Fl_XPM_Image.obj) : warning LNK4204: 'C:\Users\wmh\Desktop\Train2014\TrainFiles\Release\vc120.pdb' is missing debugging information for referencing module; linking object as if no debug info
     1>fltk.lib(flstring.obj) : warning LNK4204: 'C:\Users\wmh\Desktop\Train2014\TrainFiles\Release\vc120.pdb' is missing debugging information for referencing module; linking object as if no debug info
     1>fltk.lib(is_spacing.obj) : warning LNK4204: 'C:\Users\wmh\Desktop\Train2014\TrainFiles\Release\vc120.pdb' is missing debugging information for referencing module; linking object as if no debug info
     1>fltk.lib(numericsort.obj) : warning LNK4204: 'C:\Users\wmh\Desktop\Train2014\TrainFiles\Release\vc120.pdb' is missing debugging information for referencing module; linking object as if no debug info
     1>fltk.lib(scandir.obj) : warning LNK4204: 'C:\Users\wmh\Desktop\Train2014\TrainFiles\Release\vc120.pdb' is missing debugging information for referencing module; linking object as if no debug info
     1>fltk.lib(screen_xywh.obj) : warning LNK4204: 'C:\Users\wmh\Desktop\Train2014\TrainFiles\Release\vc120.pdb' is missing debugging information for referencing module; linking object as if no debug info
     1>fltk.lib(vsnprintf.obj) : warning LNK4204: 'C:\Users\wmh\Desktop\Train2014\TrainFiles\Release\vc120.pdb' is missing debugging information for referencing module; linking object as if no debug info
         Train.vcxproj -> C:\Users\wmh\Desktop\Train2014\TrainFiles\Release\Train.exe
     1>Done Building Project "C:\Users\wmh\Desktop\Train2014\TrainFiles\Train.vcxproj" (Build target(s)).

Build succeeded.

Time Elapsed 00:00:02.91
