Build started 4/17/2015 11:29:04 PM.
     1>Project "C:\Users\wmh\Desktop\Train2014\TrainFiles\Train.vcxproj" on node 2 (Build target(s)).
     1>ClCompile:
         C:\Program Files (x86)\Microsoft Visual Studio 12.0\VC\bin\CL.exe /c /I"C:\Program Files (x86)\FLTK 1.3.2\include" /I.. /ZI /nologo /W3 /WX- /Od /Oy- /D WIN32 /D _DEBUG /D _CONSOLE /D _CRT_SECURE_NO_WARNINGS /D _UNICODE /D UNICODE /Gm /EHsc /RTC1 /MDd /GS /fp:precise /Zc:wchar_t /Zc:forScope /Fo"Debug\\" /Fd"Debug\vc120.pdb" /Gd /TP /analyze- /errorReport:prompt TrainView.cpp
         TrainView.cpp
     1>c:\users\wmh\desktop\train2014\trainfiles\trainview.cpp(324): warning C4244: 'argument' : conversion from 'const double' to 'const float', possible loss of data
     1>c:\users\wmh\desktop\train2014\trainfiles\trainview.cpp(325): warning C4244: 'argument' : conversion from 'const double' to 'const float', possible loss of data
     1>c:\users\wmh\desktop\train2014\trainfiles\trainview.cpp(350): warning C4305: 'argument' : truncation from 'double' to 'GLfloat'
     1>c:\users\wmh\desktop\train2014\trainfiles\trainview.cpp(406): warning C4305: 'argument' : truncation from 'double' to 'GLfloat'
     1>c:\users\wmh\desktop\train2014\trainfiles\trainview.cpp(412): warning C4305: 'argument' : truncation from 'double' to 'GLfloat'
     1>c:\users\wmh\desktop\train2014\trainfiles\trainview.cpp(580): warning C4305: 'argument' : truncation from 'double' to 'GLfloat'
     1>c:\users\wmh\desktop\train2014\trainfiles\trainview.cpp(585): warning C4305: 'argument' : truncation from 'double' to 'GLfloat'
     1>c:\users\wmh\desktop\train2014\trainfiles\trainview.cpp(591): warning C4305: 'argument' : truncation from 'double' to 'GLfloat'
     1>c:\users\wmh\desktop\train2014\trainfiles\trainview.cpp(598): warning C4305: 'argument' : truncation from 'double' to 'GLfloat'
     1>c:\users\wmh\desktop\train2014\trainfiles\trainview.cpp(652): warning C4305: 'argument' : truncation from 'double' to 'GLfloat'
     1>c:\users\wmh\desktop\train2014\trainfiles\trainview.cpp(660): warning C4305: 'argument' : truncation from 'double' to 'GLfloat'
     1>c:\users\wmh\desktop\train2014\trainfiles\trainview.cpp(668): warning C4305: 'argument' : truncation from 'double' to 'GLfloat'
     1>c:\users\wmh\desktop\train2014\trainfiles\trainview.cpp(675): warning C4305: 'argument' : truncation from 'double' to 'GLfloat'
       Link:
         C:\Program Files (x86)\Microsoft Visual Studio 12.0\VC\bin\link.exe /ERRORREPORT:PROMPT /OUT:"C:\Users\wmh\Desktop\Train2014\TrainFiles\Debug\Train.exe" /INCREMENTAL /NOLOGO /LIBPATH:"C:\Program Files (x86)\FLTK 1.3.2\lib" comctl32.lib wsock32.lib opengl32.lib glu32.lib fltkgld.lib fltkd.lib kernel32.lib user32.lib gdi32.lib winspool.lib comdlg32.lib advapi32.lib shell32.lib ole32.lib oleaut32.lib uuid.lib odbc32.lib odbccp32.lib /MANIFEST /MANIFESTUAC:"level='asInvoker' uiAccess='false'" /manifest:embed /DEBUG /PDB:"C:\Users\wmh\Desktop\Train2014\TrainFiles\Debug\Train.pdb" /SUBSYSTEM:CONSOLE /TLBID:1 /DYNAMICBASE:NO /IMPLIB:"C:\Users\wmh\Desktop\Train2014\TrainFiles\Debug\Train.lib" /MACHINE:X86 /SAFESEH Debug\CallBacks.obj
         Debug\ControlPoint.obj
         Debug\Train.obj
         Debug\TrainView.obj
         Debug\TrainWindow.obj
         Debug\World.obj
         Debug\3DUtils.obj
         Debug\ArcBallCam.obj
         Debug\Pnt3f.obj
     1>CallBacks.obj : warning LNK4075: ignoring '/EDITANDCONTINUE' due to '/SAFESEH' specification
     1>fltkgld.lib(Fl_Gl_Choice.obj) : warning LNK4204: 'C:\Users\wmh\Desktop\Train2014\TrainFiles\Debug\vc120.pdb' is missing debugging information for referencing module; linking object as if no debug info
     1>fltkgld.lib(Fl_Gl_Device_Plugin.obj) : warning LNK4204: 'C:\Users\wmh\Desktop\Train2014\TrainFiles\Debug\vc120.pdb' is missing debugging information for referencing module; linking object as if no debug info
     1>fltkgld.lib(Fl_Gl_Window.obj) : warning LNK4204: 'C:\Users\wmh\Desktop\Train2014\TrainFiles\Debug\vc120.pdb' is missing debugging information for referencing module; linking object as if no debug info
     1>fltkgld.lib(freeglut_geometry.obj) : warning LNK4204: 'C:\Users\wmh\Desktop\Train2014\TrainFiles\Debug\vc120.pdb' is missing debugging information for referencing module; linking object as if no debug info
     1>fltkgld.lib(gl_draw.obj) : warning LNK4204: 'C:\Users\wmh\Desktop\Train2014\TrainFiles\Debug\vc120.pdb' is missing debugging information for referencing module; linking object as if no debug info
     1>fltkd.lib(case.obj) : warning LNK4204: 'C:\Users\wmh\Desktop\Train2014\TrainFiles\Debug\vc120.pdb' is missing debugging information for referencing module; linking object as if no debug info
     1>fltkd.lib(filename_absolute.obj) : warning LNK4204: 'C:\Users\wmh\Desktop\Train2014\TrainFiles\Debug\vc120.pdb' is missing debugging information for referencing module; linking object as if no debug info
     1>fltkd.lib(filename_expand.obj) : warning LNK4204: 'C:\Users\wmh\Desktop\Train2014\TrainFiles\Debug\vc120.pdb' is missing debugging information for referencing module; linking object as if no debug info
     1>fltkd.lib(filename_isdir.obj) : warning LNK4204: 'C:\Users\wmh\Desktop\Train2014\TrainFiles\Debug\vc120.pdb' is missing debugging information for referencing module; linking object as if no debug info
     1>fltkd.lib(filename_list.obj) : warning LNK4204: 'C:\Users\wmh\Desktop\Train2014\TrainFiles\Debug\vc120.pdb' is missing debugging information for referencing module; linking object as if no debug info
     1>fltkd.lib(filename_match.obj) : warning LNK4204: 'C:\Users\wmh\Desktop\Train2014\TrainFiles\Debug\vc120.pdb' is missing debugging information for referencing module; linking object as if no debug info
     1>fltkd.lib(Fl.obj) : warning LNK4204: 'C:\Users\wmh\Desktop\Train2014\TrainFiles\Debug\vc120.pdb' is missing debugging information for referencing module; linking object as if no debug info
     1>fltkd.lib(Fl_abort.obj) : warning LNK4204: 'C:\Users\wmh\Desktop\Train2014\TrainFiles\Debug\vc120.pdb' is missing debugging information for referencing module; linking object as if no debug info
     1>fltkd.lib(Fl_add_idle.obj) : warning LNK4204: 'C:\Users\wmh\Desktop\Train2014\TrainFiles\Debug\vc120.pdb' is missing debugging information for referencing module; linking object as if no debug info
     1>fltkd.lib(fl_arc.obj) : warning LNK4204: 'C:\Users\wmh\Desktop\Train2014\TrainFiles\Debug\vc120.pdb' is missing debugging information for referencing module; linking object as if no debug info
     1>fltkd.lib(fl_arci.obj) : warning LNK4204: 'C:\Users\wmh\Desktop\Train2014\TrainFiles\Debug\vc120.pdb' is missing debugging information for referencing module; linking object as if no debug info
     1>fltkd.lib(fl_ask.obj) : warning LNK4204: 'C:\Users\wmh\Desktop\Train2014\TrainFiles\Debug\vc120.pdb' is missing debugging information for referencing module; linking object as if no debug info
     1>fltkd.lib(Fl_Bitmap.obj) : warning LNK4204: 'C:\Users\wmh\Desktop\Train2014\TrainFiles\Debug\vc120.pdb' is missing debugging information for referencing module; linking object as if no debug info
     1>fltkd.lib(Fl_Box.obj) : warning LNK4204: 'C:\Users\wmh\Desktop\Train2014\TrainFiles\Debug\vc120.pdb' is missing debugging information for referencing module; linking object as if no debug info
     1>fltkd.lib(fl_boxtype.obj) : warning LNK4204: 'C:\Users\wmh\Desktop\Train2014\TrainFiles\Debug\vc120.pdb' is missing debugging information for referencing module; linking object as if no debug info
     1>fltkd.lib(Fl_Browser.obj) : warning LNK4204: 'C:\Users\wmh\Desktop\Train2014\TrainFiles\Debug\vc120.pdb' is missing debugging information for referencing module; linking object as if no debug info
     1>fltkd.lib(Fl_Browser_.obj) : warning LNK4204: 'C:\Users\wmh\Desktop\Train2014\TrainFiles\Debug\vc120.pdb' is missing debugging information for referencing module; linking object as if no debug info
     1>fltkd.lib(Fl_Button.obj) : warning LNK4204: 'C:\Users\wmh\Desktop\Train2014\TrainFiles\Debug\vc120.pdb' is missing debugging information for referencing module; linking object as if no debug info
     1>fltkd.lib(Fl_Check_Button.obj) : warning LNK4204: 'C:\Users\wmh\Desktop\Train2014\TrainFiles\Debug\vc120.pdb' is missing debugging information for referencing module; linking object as if no debug info
     1>fltkd.lib(Fl_Choice.obj) : warning LNK4204: 'C:\Users\wmh\Desktop\Train2014\TrainFiles\Debug\vc120.pdb' is missing debugging information for referencing module; linking object as if no debug info
     1>fltkd.lib(fl_color.obj) : warning LNK4204: 'C:\Users\wmh\Desktop\Train2014\TrainFiles\Debug\vc120.pdb' is missing debugging information for referencing module; linking object as if no debug info
     1>fltkd.lib(Fl_compose.obj) : warning LNK4204: 'C:\Users\wmh\Desktop\Train2014\TrainFiles\Debug\vc120.pdb' is missing debugging information for referencing module; linking object as if no debug info
     1>fltkd.lib(fl_cursor.obj) : warning LNK4204: 'C:\Users\wmh\Desktop\Train2014\TrainFiles\Debug\vc120.pdb' is missing debugging information for referencing module; linking object as if no debug info
     1>fltkd.lib(fl_curve.obj) : warning LNK4204: 'C:\Users\wmh\Desktop\Train2014\TrainFiles\Debug\vc120.pdb' is missing debugging information for referencing module; linking object as if no debug info
     1>fltkd.lib(Fl_Device.obj) : warning LNK4204: 'C:\Users\wmh\Desktop\Train2014\TrainFiles\Debug\vc120.pdb' is missing debugging information for referencing module; linking object as if no debug info
     1>fltkd.lib(fl_dnd.obj) : warning LNK4204: 'C:\Users\wmh\Desktop\Train2014\TrainFiles\Debug\vc120.pdb' is missing debugging information for referencing module; linking object as if no debug info
     1>fltkd.lib(Fl_Double_Window.obj) : warning LNK4204: 'C:\Users\wmh\Desktop\Train2014\TrainFiles\Debug\vc120.pdb' is missing debugging information for referencing module; linking object as if no debug info
     1>fltkd.lib(fl_draw.obj) : warning LNK4204: 'C:\Users\wmh\Desktop\Train2014\TrainFiles\Debug\vc120.pdb' is missing debugging information for referencing module; linking object as if no debug info
     1>fltkd.lib(fl_draw_image.obj) : warning LNK4204: 'C:\Users\wmh\Desktop\Train2014\TrainFiles\Debug\vc120.pdb' is missing debugging information for referencing module; linking object as if no debug info
     1>fltkd.lib(fl_draw_pixmap.obj) : warning LNK4204: 'C:\Users\wmh\Desktop\Train2014\TrainFiles\Debug\vc120.pdb' is missing debugging information for referencing module; linking object as if no debug info
     1>fltkd.lib(Fl_File_Browser.obj) : warning LNK4204: 'C:\Users\wmh\Desktop\Train2014\TrainFiles\Debug\vc120.pdb' is missing debugging information for referencing module; linking object as if no debug info
     1>fltkd.lib(Fl_File_Chooser.obj) : warning LNK4204: 'C:\Users\wmh\Desktop\Train2014\TrainFiles\Debug\vc120.pdb' is missing debugging information for referencing module; linking object as if no debug info
     1>fltkd.lib(Fl_File_Chooser2.obj) : warning LNK4204: 'C:\Users\wmh\Desktop\Train2014\TrainFiles\Debug\vc120.pdb' is missing debugging information for referencing module; linking object as if no debug info
     1>fltkd.lib(fl_file_dir.obj) : warning LNK4204: 'C:\Users\wmh\Desktop\Train2014\TrainFiles\Debug\vc120.pdb' is missing debugging information for referencing module; linking object as if no debug info
     1>fltkd.lib(Fl_File_Icon.obj) : warning LNK4204: 'C:\Users\wmh\Desktop\Train2014\TrainFiles\Debug\vc120.pdb' is missing debugging information for referencing module; linking object as if no debug info
     1>fltkd.lib(Fl_File_Input.obj) : warning LNK4204: 'C:\Users\wmh\Desktop\Train2014\TrainFiles\Debug\vc120.pdb' is missing debugging information for referencing module; linking object as if no debug info
     1>fltkd.lib(fl_font.obj) : warning LNK4204: 'C:\Users\wmh\Desktop\Train2014\TrainFiles\Debug\vc120.pdb' is missing debugging information for referencing module; linking object as if no debug info
     1>fltkd.lib(Fl_get_system_colors.obj) : warning LNK4204: 'C:\Users\wmh\Desktop\Train2014\TrainFiles\Debug\vc120.pdb' is missing debugging information for referencing module; linking object as if no debug info
     1>fltkd.lib(Fl_grab.obj) : warning LNK4204: 'C:\Users\wmh\Desktop\Train2014\TrainFiles\Debug\vc120.pdb' is missing debugging information for referencing module; linking object as if no debug info
     1>fltkd.lib(Fl_Group.obj) : warning LNK4204: 'C:\Users\wmh\Desktop\Train2014\TrainFiles\Debug\vc120.pdb' is missing debugging information for referencing module; linking object as if no debug info
     1>fltkd.lib(fl_gtk.obj) : warning LNK4204: 'C:\Users\wmh\Desktop\Train2014\TrainFiles\Debug\vc120.pdb' is missing debugging information for referencing module; linking object as if no debug info
     1>fltkd.lib(Fl_Image.obj) : warning LNK4204: 'C:\Users\wmh\Desktop\Train2014\TrainFiles\Debug\vc120.pdb' is missing debugging information for referencing module; linking object as if no debug info
     1>fltkd.lib(Fl_Input.obj) : warning LNK4204: 'C:\Users\wmh\Desktop\Train2014\TrainFiles\Debug\vc120.pdb' is missing debugging information for referencing module; linking object as if no debug info
     1>fltkd.lib(Fl_Input_.obj) : warning LNK4204: 'C:\Users\wmh\Desktop\Train2014\TrainFiles\Debug\vc120.pdb' is missing debugging information for referencing module; linking object as if no debug info
     1>fltkd.lib(fl_labeltype.obj) : warning LNK4204: 'C:\Users\wmh\Desktop\Train2014\TrainFiles\Debug\vc120.pdb' is missing debugging information for referencing module; linking object as if no debug info
     1>fltkd.lib(Fl_Light_Button.obj) : warning LNK4204: 'C:\Users\wmh\Desktop\Train2014\TrainFiles\Debug\vc120.pdb' is missing debugging information for referencing module; linking object as if no debug info
     1>fltkd.lib(fl_line_style.obj) : warning LNK4204: 'C:\Users\wmh\Desktop\Train2014\TrainFiles\Debug\vc120.pdb' is missing debugging information for referencing module; linking object as if no debug info
     1>fltkd.lib(Fl_lock.obj) : warning LNK4204: 'C:\Users\wmh\Desktop\Train2014\TrainFiles\Debug\vc120.pdb' is missing debugging information for referencing module; linking object as if no debug info
     1>fltkd.lib(Fl_Menu.obj) : warning LNK4204: 'C:\Users\wmh\Desktop\Train2014\TrainFiles\Debug\vc120.pdb' is missing debugging information for referencing module; linking object as if no debug info
     1>fltkd.lib(Fl_Menu_.obj) : warning LNK4204: 'C:\Users\wmh\Desktop\Train2014\TrainFiles\Debug\vc120.pdb' is missing debugging information for referencing module; linking object as if no debug info
     1>fltkd.lib(Fl_Menu_add.obj) : warning LNK4204: 'C:\Users\wmh\Desktop\Train2014\TrainFiles\Debug\vc120.pdb' is missing debugging information for referencing module; linking object as if no debug info
     1>fltkd.lib(Fl_Menu_Button.obj) : warning LNK4204: 'C:\Users\wmh\Desktop\Train2014\TrainFiles\Debug\vc120.pdb' is missing debugging information for referencing module; linking object as if no debug info
     1>fltkd.lib(Fl_Menu_Window.obj) : warning LNK4204: 'C:\Users\wmh\Desktop\Train2014\TrainFiles\Debug\vc120.pdb' is missing debugging information for referencing module; linking object as if no debug info
     1>fltkd.lib(Fl_Overlay_Window.obj) : warning LNK4204: 'C:\Users\wmh\Desktop\Train2014\TrainFiles\Debug\vc120.pdb' is missing debugging information for referencing module; linking object as if no debug info
     1>fltkd.lib(Fl_Pixmap.obj) : warning LNK4204: 'C:\Users\wmh\Desktop\Train2014\TrainFiles\Debug\vc120.pdb' is missing debugging information for referencing module; linking object as if no debug info
     1>fltkd.lib(fl_plastic.obj) : warning LNK4204: 'C:\Users\wmh\Desktop\Train2014\TrainFiles\Debug\vc120.pdb' is missing debugging information for referencing module; linking object as if no debug info
     1>fltkd.lib(Fl_Preferences.obj) : warning LNK4204: 'C:\Users\wmh\Desktop\Train2014\TrainFiles\Debug\vc120.pdb' is missing debugging information for referencing module; linking object as if no debug info
     1>fltkd.lib(fl_read_image.obj) : warning LNK4204: 'C:\Users\wmh\Desktop\Train2014\TrainFiles\Debug\vc120.pdb' is missing debugging information for referencing module; linking object as if no debug info
     1>fltkd.lib(fl_rect.obj) : warning LNK4204: 'C:\Users\wmh\Desktop\Train2014\TrainFiles\Debug\vc120.pdb' is missing debugging information for referencing module; linking object as if no debug info
     1>fltkd.lib(Fl_Repeat_Button.obj) : warning LNK4204: 'C:\Users\wmh\Desktop\Train2014\TrainFiles\Debug\vc120.pdb' is missing debugging information for referencing module; linking object as if no debug info
     1>fltkd.lib(Fl_Return_Button.obj) : warning LNK4204: 'C:\Users\wmh\Desktop\Train2014\TrainFiles\Debug\vc120.pdb' is missing debugging information for referencing module; linking object as if no debug info
     1>fltkd.lib(fl_round_box.obj) : warning LNK4204: 'C:\Users\wmh\Desktop\Train2014\TrainFiles\Debug\vc120.pdb' is missing debugging information for referencing module; linking object as if no debug info
     1>fltkd.lib(Fl_Scrollbar.obj) : warning LNK4204: 'C:\Users\wmh\Desktop\Train2014\TrainFiles\Debug\vc120.pdb' is missing debugging information for referencing module; linking object as if no debug info
     1>fltkd.lib(Fl_Shared_Image.obj) : warning LNK4204: 'C:\Users\wmh\Desktop\Train2014\TrainFiles\Debug\vc120.pdb' is missing debugging information for referencing module; linking object as if no debug info
     1>fltkd.lib(fl_shortcut.obj) : warning LNK4204: 'C:\Users\wmh\Desktop\Train2014\TrainFiles\Debug\vc120.pdb' is missing debugging information for referencing module; linking object as if no debug info
     1>fltkd.lib(Fl_Single_Window.obj) : warning LNK4204: 'C:\Users\wmh\Desktop\Train2014\TrainFiles\Debug\vc120.pdb' is missing debugging information for referencing module; linking object as if no debug info
     1>fltkd.lib(Fl_Slider.obj) : warning LNK4204: 'C:\Users\wmh\Desktop\Train2014\TrainFiles\Debug\vc120.pdb' is missing debugging information for referencing module; linking object as if no debug info
     1>fltkd.lib(fl_symbols.obj) : warning LNK4204: 'C:\Users\wmh\Desktop\Train2014\TrainFiles\Debug\vc120.pdb' is missing debugging information for referencing module; linking object as if no debug info
     1>fltkd.lib(Fl_Tile.obj) : warning LNK4204: 'C:\Users\wmh\Desktop\Train2014\TrainFiles\Debug\vc120.pdb' is missing debugging information for referencing module; linking object as if no debug info
     1>fltkd.lib(Fl_Tiled_Image.obj) : warning LNK4204: 'C:\Users\wmh\Desktop\Train2014\TrainFiles\Debug\vc120.pdb' is missing debugging information for referencing module; linking object as if no debug info
     1>fltkd.lib(Fl_Tooltip.obj) : warning LNK4204: 'C:\Users\wmh\Desktop\Train2014\TrainFiles\Debug\vc120.pdb' is missing debugging information for referencing module; linking object as if no debug info
     1>fltkd.lib(fl_utf.obj) : warning LNK4204: 'C:\Users\wmh\Desktop\Train2014\TrainFiles\Debug\vc120.pdb' is missing debugging information for referencing module; linking object as if no debug info
     1>fltkd.lib(fl_utf8.obj) : warning LNK4204: 'C:\Users\wmh\Desktop\Train2014\TrainFiles\Debug\vc120.pdb' is missing debugging information for referencing module; linking object as if no debug info
     1>fltkd.lib(Fl_Valuator.obj) : warning LNK4204: 'C:\Users\wmh\Desktop\Train2014\TrainFiles\Debug\vc120.pdb' is missing debugging information for referencing module; linking object as if no debug info
     1>fltkd.lib(Fl_Value_Slider.obj) : warning LNK4204: 'C:\Users\wmh\Desktop\Train2014\TrainFiles\Debug\vc120.pdb' is missing debugging information for referencing module; linking object as if no debug info
     1>fltkd.lib(fl_vertex.obj) : warning LNK4204: 'C:\Users\wmh\Desktop\Train2014\TrainFiles\Debug\vc120.pdb' is missing debugging information for referencing module; linking object as if no debug info
     1>fltkd.lib(Fl_Widget.obj) : warning LNK4204: 'C:\Users\wmh\Desktop\Train2014\TrainFiles\Debug\vc120.pdb' is missing debugging information for referencing module; linking object as if no debug info
     1>fltkd.lib(Fl_Window.obj) : warning LNK4204: 'C:\Users\wmh\Desktop\Train2014\TrainFiles\Debug\vc120.pdb' is missing debugging information for referencing module; linking object as if no debug info
     1>fltkd.lib(Fl_Window_hotspot.obj) : warning LNK4204: 'C:\Users\wmh\Desktop\Train2014\TrainFiles\Debug\vc120.pdb' is missing debugging information for referencing module; linking object as if no debug info
     1>fltkd.lib(Fl_XBM_Image.obj) : warning LNK4204: 'C:\Users\wmh\Desktop\Train2014\TrainFiles\Debug\vc120.pdb' is missing debugging information for referencing module; linking object as if no debug info
     1>fltkd.lib(Fl_XPM_Image.obj) : warning LNK4204: 'C:\Users\wmh\Desktop\Train2014\TrainFiles\Debug\vc120.pdb' is missing debugging information for referencing module; linking object as if no debug info
     1>fltkd.lib(flstring.obj) : warning LNK4204: 'C:\Users\wmh\Desktop\Train2014\TrainFiles\Debug\vc120.pdb' is missing debugging information for referencing module; linking object as if no debug info
     1>fltkd.lib(is_spacing.obj) : warning LNK4204: 'C:\Users\wmh\Desktop\Train2014\TrainFiles\Debug\vc120.pdb' is missing debugging information for referencing module; linking object as if no debug info
     1>fltkd.lib(numericsort.obj) : warning LNK4204: 'C:\Users\wmh\Desktop\Train2014\TrainFiles\Debug\vc120.pdb' is missing debugging information for referencing module; linking object as if no debug info
     1>fltkd.lib(scandir.obj) : warning LNK4204: 'C:\Users\wmh\Desktop\Train2014\TrainFiles\Debug\vc120.pdb' is missing debugging information for referencing module; linking object as if no debug info
     1>fltkd.lib(screen_xywh.obj) : warning LNK4204: 'C:\Users\wmh\Desktop\Train2014\TrainFiles\Debug\vc120.pdb' is missing debugging information for referencing module; linking object as if no debug info
     1>fltkd.lib(vsnprintf.obj) : warning LNK4204: 'C:\Users\wmh\Desktop\Train2014\TrainFiles\Debug\vc120.pdb' is missing debugging information for referencing module; linking object as if no debug info
         Train.vcxproj -> C:\Users\wmh\Desktop\Train2014\TrainFiles\Debug\Train.exe
     1>Done Building Project "C:\Users\wmh\Desktop\Train2014\TrainFiles\Train.vcxproj" (Build target(s)).

Build succeeded.

Time Elapsed 00:00:01.06
