c:\users\wmh\desktop\train2014\trainfiles\debug\vc120.pdb
c:\users\wmh\desktop\train2014\trainfiles\debug\vc120.idb
c:\users\wmh\desktop\train2014\trainfiles\debug\callbacks.nativecodeanalysis.xml
c:\users\wmh\desktop\train2014\trainfiles\debug\controlpoint.nativecodeanalysis.xml
c:\users\wmh\desktop\train2014\trainfiles\debug\train.nativecodeanalysis.xml
c:\users\wmh\desktop\train2014\trainfiles\debug\trainview.nativecodeanalysis.xml
c:\users\wmh\desktop\train2014\trainfiles\debug\trainwindow.nativecodeanalysis.xml
c:\users\wmh\desktop\train2014\trainfiles\debug\world.nativecodeanalysis.xml
c:\users\wmh\desktop\train2014\trainfiles\debug\3dutils.nativecodeanalysis.xml
c:\users\wmh\desktop\train2014\trainfiles\debug\arcballcam.nativecodeanalysis.xml
c:\users\wmh\desktop\train2014\trainfiles\debug\pnt3f.nativecodeanalysis.xml
c:\users\wmh\desktop\train2014\trainfiles\debug\pnt3f.obj
c:\users\wmh\desktop\train2014\trainfiles\debug\arcballcam.obj
c:\users\wmh\desktop\train2014\trainfiles\debug\3dutils.obj
c:\users\wmh\desktop\train2014\trainfiles\debug\trainwindow.obj
c:\users\wmh\desktop\train2014\trainfiles\debug\trainview.obj
c:\users\wmh\desktop\train2014\trainfiles\debug\train.obj
c:\users\wmh\desktop\train2014\trainfiles\debug\controlpoint.obj
c:\users\wmh\desktop\train2014\trainfiles\debug\callbacks.obj
c:\users\wmh\desktop\train2014\trainfiles\debug\world.obj
c:\users\wmh\desktop\train2014\trainfiles\debug\train.ilk
c:\users\wmh\desktop\train2014\trainfiles\debug\train.exe
c:\users\wmh\desktop\train2014\trainfiles\debug\train.pdb
c:\users\wmh\desktop\train2014\trainfiles\debug\nativecodeanalysis.read.1.tlog
c:\users\wmh\desktop\train2014\trainfiles\debug\vc.nativecodeanalysis.all.xml
c:\users\wmh\desktop\train2014\trainfiles\debug\train.exe.lastcodeanalysissucceeded
c:\users\wmh\desktop\train2014\trainfiles\debug\train.tlog\cl.command.1.tlog
c:\users\wmh\desktop\train2014\trainfiles\debug\train.tlog\cl.read.1.tlog
c:\users\wmh\desktop\train2014\trainfiles\debug\train.tlog\cl.write.1.tlog
c:\users\wmh\desktop\train2014\trainfiles\debug\train.tlog\link.command.1.tlog
c:\users\wmh\desktop\train2014\trainfiles\debug\train.tlog\link.read.1.tlog
c:\users\wmh\desktop\train2014\trainfiles\debug\train.tlog\link.write.1.tlog
